
Currently Loaded Modules:
  1) craype-x86-milan                        7) cpu/1.0                       13) craype/2.7.20                 (c)
  2) libfabric/1.15.2.0                      8) cray-dsmml/0.2.2              14) cray-hdf5/1.12.2.3            (io)
  3) craype-network-ofi                      9) cray-libsci/23.02.1.1 (math)  15) cray-netcdf/4.9.0.3           (io)
  4) xpmem/2.6.2-2.5_2.38__gd067c3f.shasta  10) PrgEnv-gnu/8.3.3      (cpe)   16) cray-parallel-netcdf/1.12.3.3 (io)
  5) perftools-base/23.12.0                 11) gcc/11.2.0            (c)
  6) cpe/23.12                              12) cray-mpich/8.1.25     (mpi)

  Where:
   c:     Compiler
   cpe:   Cray Programming Environment Modules
   io:    Input/output software
   math:  Mathematical libraries
   mpi:   MPI Providers

 

Neither WRF_EM_CORE nor WRF_PLUS_CORE
        are explicitly specified in shell environment.... 
 
============================================================================================== 
 
V4.5.2
git commit 6dba6381e7b690fd109551de406bdfb502c9ac76
 
Compiling: WRF_EM_CORE  
WRFIO_NCD_LARGE_FILE_SUPPORT=1
 
Linux login04 5.14.21-150400.24.81_12.0.87-cray_shasta_c #1 SMP Thu Jan 11 20:03:21 UTC 2024 (e30c7c1) x86_64 x86_64 x86_64 GNU/Linux
 
Not sure how to figure out the version of this compiler: ftn
 
============================================================================================== 
 
setting parallel make -j 4
 
============================================================================================== 
 
The following indicate the compilers selected to build the WRF system
 
Serial Fortran compiler (mostly for tool generation):
which SFC
/opt/cray/pe/craype/2.7.20/bin/ftn
 
Serial C compiler (mostly for tool generation):
which SCC
/opt/cray/pe/craype/2.7.20/bin/cc
 
Fortran compiler for the model source code:
which FC
/opt/cray/pe/mpich/8.1.25/ofi/gnu/9.1/bin/mpif90
Will use 'time' to report timing information
 
C compiler for the model source code:
which CC
/opt/cray/pe/mpich/8.1.25/ofi/gnu/9.1/bin/mpicc
 
============================================================================================== 
 
------------------------------------------------------------------------------
WRF CONFIGURATION ERROR                                                       
The em_seabreeze2d_x case requires a build for only single domain.                  
The em_seabreeze2d_x case cannot be used on distributed memory parallel systems.    
Only 3D WRF cases will run with the options that you selected.                
Please choose a different case, or rerun configure and choose a different set of options.
------------------------------------------------------------------------------
make: *** [Makefile:72: configcheck] Error 2
