/global/homes/h/hross/codes/WRF1996/run
loading modules using /global/cfs/cdirs/m4232/scripts/build/load_modules_2023-09_wrfsig.sh

Lmod is automatically replacing "gpu/1.0" with "cpu/1.0".


Note: the module "gpu" cannot be unloaded because it was not loaded.


Lmod is automatically replacing "gcc-native/12.3" with "gcc/12.2.0".


The following have been reloaded with a version change:
  1) PrgEnv-gnu/8.5.0 => PrgEnv-gnu/8.3.3
  2) cray-libsci/23.12.5 => cray-libsci/23.02.1.1
  3) cray-mpich/8.1.28 => cray-mpich/8.1.25


The following have been reloaded with a version change:
  1) gcc/12.2.0 => gcc/11.2.0


The following have been reloaded with a version change:
  1) craype/2.7.30 => craype/2.7.20


Currently Loaded Modules:
  1) craype-x86-milan
  2) libfabric/1.15.2.0
  3) craype-network-ofi
  4) xpmem/2.6.2-2.5_2.38__gd067c3f.shasta
  5) perftools-base/23.12.0
  6) cpe/23.12
  7) cpu/1.0
  8) cray-dsmml/0.2.2
  9) cray-libsci/23.02.1.1                 (math)
 10) PrgEnv-gnu/8.3.3                      (cpe)
 11) gcc/11.2.0                            (c)
 12) cray-mpich/8.1.25                     (mpi)
 13) craype/2.7.20                         (c)
 14) cray-hdf5/1.12.2.3                    (io)
 15) cray-netcdf/4.9.0.3                   (io)
 16) cray-parallel-netcdf/1.12.3.3         (io)

  Where:
   c:     Compiler
   cpe:   Cray Programming Environment Modules
   io:    Input/output software
   math:  Mathematical libraries
   mpi:   MPI Providers

 

IDEAL V4.5.2 PREPROCESSOR
git commit 6dba6381e7b690fd109551de406bdfb502c9ac76 2 files changed, 135 insertions(+), 750 deletions(-)
  Domain # 1: dx =  2000.000 m
DYNAMICS OPTION: Eulerian Mass Coordinate
   alloc_space_field: domain            1 ,            1011677700  bytes allocated
  pi is    3.14159274    
 lm,icm-lm,icm+lm =           25          76         126
  getting dry sounding for base state 
  input sounding surface parameters 
  surface pressure (mb)    1000.00000    
  surface pot. temp (K)    300.500000    
  surface mixing ratio (g/kg)    5.00000000    
   1  0.125E+03  0.300E+03  0.500E+01  0.000E+00  0.000E+00
   2  0.375E+03  0.301E+03  0.500E+01  0.000E+00  0.000E+00
   3  0.625E+03  0.301E+03  0.500E+01  0.000E+00  0.000E+00
   4  0.875E+03  0.302E+03  0.500E+01  0.000E+00  0.000E+00
   5  0.112E+04  0.302E+03  0.500E+01  0.000E+00  0.000E+00
   6  0.138E+04  0.303E+03  0.500E+01  0.000E+00  0.000E+00
   7  0.162E+04  0.304E+03  0.500E+01  0.000E+00  0.000E+00
   8  0.188E+04  0.304E+03  0.500E+01  0.000E+00  0.000E+00
   9  0.212E+04  0.305E+03  0.500E+01  0.000E+00  0.000E+00
  10  0.238E+04  0.306E+03  0.500E+01  0.000E+00  0.000E+00
  11  0.262E+04  0.306E+03  0.500E+01  0.000E+00  0.000E+00
  12  0.288E+04  0.307E+03  0.500E+01  0.000E+00  0.000E+00
  13  0.312E+04  0.308E+03  0.500E+01  0.000E+00  0.000E+00
  14  0.338E+04  0.309E+03  0.500E+01  0.000E+00  0.000E+00
  15  0.362E+04  0.310E+03  0.500E+01  0.000E+00  0.000E+00
  16  0.388E+04  0.310E+03  0.461E+01  0.000E+00  0.000E+00
  17  0.412E+04  0.311E+03  0.412E+01  0.000E+00  0.000E+00
  18  0.438E+04  0.312E+03  0.368E+01  0.000E+00  0.000E+00
  19  0.462E+04  0.313E+03  0.328E+01  0.000E+00  0.000E+00
  20  0.488E+04  0.314E+03  0.291E+01  0.000E+00  0.000E+00
  21  0.512E+04  0.315E+03  0.258E+01  0.000E+00  0.000E+00
  22  0.538E+04  0.316E+03  0.228E+01  0.000E+00  0.000E+00
  23  0.562E+04  0.317E+03  0.201E+01  0.000E+00  0.000E+00
  24  0.588E+04  0.318E+03  0.177E+01  0.000E+00  0.000E+00
  25  0.612E+04  0.319E+03  0.156E+01  0.000E+00  0.000E+00
  26  0.638E+04  0.320E+03  0.136E+01  0.000E+00  0.000E+00
  27  0.662E+04  0.320E+03  0.119E+01  0.000E+00  0.000E+00
  28  0.688E+04  0.321E+03  0.104E+01  0.000E+00  0.000E+00
  29  0.712E+04  0.322E+03  0.902E+00  0.000E+00  0.000E+00
  30  0.738E+04  0.323E+03  0.781E+00  0.000E+00  0.000E+00
  31  0.762E+04  0.324E+03  0.674E+00  0.000E+00  0.000E+00
  32  0.788E+04  0.325E+03  0.580E+00  0.000E+00  0.000E+00
  33  0.812E+04  0.326E+03  0.497E+00  0.000E+00  0.000E+00
  34  0.838E+04  0.327E+03  0.424E+00  0.000E+00  0.000E+00
  35  0.862E+04  0.328E+03  0.361E+00  0.000E+00  0.000E+00
  36  0.888E+04  0.329E+03  0.305E+00  0.000E+00  0.000E+00
  37  0.912E+04  0.331E+03  0.258E+00  0.000E+00  0.000E+00
  38  0.938E+04  0.332E+03  0.216E+00  0.000E+00  0.000E+00
  39  0.962E+04  0.333E+03  0.181E+00  0.000E+00  0.000E+00
  40  0.988E+04  0.334E+03  0.150E+00  0.000E+00  0.000E+00
  41  0.101E+05  0.335E+03  0.124E+00  0.000E+00  0.000E+00
  42  0.104E+05  0.336E+03  0.102E+00  0.000E+00  0.000E+00
  43  0.106E+05  0.337E+03  0.834E-01  0.000E+00  0.000E+00
  44  0.109E+05  0.338E+03  0.677E-01  0.000E+00  0.000E+00
  45  0.111E+05  0.339E+03  0.545E-01  0.000E+00  0.000E+00
  46  0.114E+05  0.340E+03  0.436E-01  0.000E+00  0.000E+00
  47  0.116E+05  0.341E+03  0.346E-01  0.000E+00  0.000E+00
  48  0.119E+05  0.342E+03  0.272E-01  0.000E+00  0.000E+00
  49  0.121E+05  0.345E+03  0.246E-01  0.000E+00  0.000E+00
  50  0.124E+05  0.349E+03  0.257E-01  0.000E+00  0.000E+00
  51  0.126E+05  0.353E+03  0.269E-01  0.000E+00  0.000E+00
  52  0.129E+05  0.357E+03  0.282E-01  0.000E+00  0.000E+00
  53  0.131E+05  0.361E+03  0.295E-01  0.000E+00  0.000E+00
  54  0.134E+05  0.365E+03  0.309E-01  0.000E+00  0.000E+00
  55  0.136E+05  0.370E+03  0.323E-01  0.000E+00  0.000E+00
  56  0.139E+05  0.374E+03  0.338E-01  0.000E+00  0.000E+00
  57  0.141E+05  0.378E+03  0.354E-01  0.000E+00  0.000E+00
  58  0.144E+05  0.382E+03  0.371E-01  0.000E+00  0.000E+00
  59  0.146E+05  0.387E+03  0.388E-01  0.000E+00  0.000E+00
  60  0.149E+05  0.391E+03  0.406E-01  0.000E+00  0.000E+00
  61  0.151E+05  0.396E+03  0.425E-01  0.000E+00  0.000E+00
  62  0.154E+05  0.400E+03  0.445E-01  0.000E+00  0.000E+00
  63  0.156E+05  0.405E+03  0.467E-01  0.000E+00  0.000E+00
  64  0.159E+05  0.410E+03  0.489E-01  0.000E+00  0.000E+00
  65  0.161E+05  0.414E+03  0.512E-01  0.000E+00  0.000E+00
  66  0.164E+05  0.419E+03  0.536E-01  0.000E+00  0.000E+00
  67  0.166E+05  0.424E+03  0.562E-01  0.000E+00  0.000E+00
  68  0.169E+05  0.429E+03  0.588E-01  0.000E+00  0.000E+00
  69  0.171E+05  0.434E+03  0.616E-01  0.000E+00  0.000E+00
  70  0.174E+05  0.439E+03  0.646E-01  0.000E+00  0.000E+00
  71  0.176E+05  0.444E+03  0.677E-01  0.000E+00  0.000E+00
  72  0.179E+05  0.449E+03  0.709E-01  0.000E+00  0.000E+00
  73  0.181E+05  0.454E+03  0.743E-01  0.000E+00  0.000E+00
  74  0.184E+05  0.460E+03  0.779E-01  0.000E+00  0.000E+00
  75  0.186E+05  0.465E+03  0.816E-01  0.000E+00  0.000E+00
  76  0.189E+05  0.470E+03  0.856E-01  0.000E+00  0.000E+00
  77  0.191E+05  0.476E+03  0.897E-01  0.000E+00  0.000E+00
  78  0.194E+05  0.481E+03  0.940E-01  0.000E+00  0.000E+00
  79  0.196E+05  0.487E+03  0.940E-01  0.000E+00  0.000E+00
  80  0.199E+05  0.492E+03  0.940E-01  0.000E+00  0.000E+00
  number of input levels =           80
  surface density is    1.15950775    
  surface pi is         1.00000000    
  sounding 
   k  height(m)  press (Pa) pd(Pa) theta (K) den(kg/m^3)  u(m/s)     v(m/s)    qv(g/g) 
   1  1.250E+02  9.859E+04  9.859E+04  3.005E+02  1.148E+00  0.000E+00  0.000E+00  0.000E+00
   2  3.750E+02  9.580E+04  9.580E+04  3.006E+02  1.124E+00  0.000E+00  0.000E+00  0.000E+00
   3  6.250E+02  9.307E+04  9.307E+04  3.011E+02  1.099E+00  0.000E+00  0.000E+00  0.000E+00
   4  8.750E+02  9.041E+04  9.041E+04  3.016E+02  1.075E+00  0.000E+00  0.000E+00  0.000E+00
   5  1.125E+03  8.780E+04  8.780E+04  3.022E+02  1.051E+00  0.000E+00  0.000E+00  0.000E+00
   6  1.375E+03  8.525E+04  8.525E+04  3.029E+02  1.027E+00  0.000E+00  0.000E+00  0.000E+00
   7  1.625E+03  8.276E+04  8.276E+04  3.035E+02  1.003E+00  0.000E+00  0.000E+00  0.000E+00
   8  1.875E+03  8.033E+04  8.033E+04  3.042E+02  9.795E-01  0.000E+00  0.000E+00  0.000E+00
   9  2.125E+03  7.796E+04  7.796E+04  3.049E+02  9.565E-01  0.000E+00  0.000E+00  0.000E+00
  10  2.375E+03  7.564E+04  7.564E+04  3.057E+02  9.338E-01  0.000E+00  0.000E+00  0.000E+00
  11  2.625E+03  7.338E+04  7.338E+04  3.064E+02  9.115E-01  0.000E+00  0.000E+00  0.000E+00
  12  2.875E+03  7.117E+04  7.117E+04  3.072E+02  8.896E-01  0.000E+00  0.000E+00  0.000E+00
  13  3.125E+03  6.901E+04  6.901E+04  3.080E+02  8.680E-01  0.000E+00  0.000E+00  0.000E+00
  14  3.375E+03  6.691E+04  6.691E+04  3.088E+02  8.468E-01  0.000E+00  0.000E+00  0.000E+00
  15  3.625E+03  6.486E+04  6.486E+04  3.096E+02  8.260E-01  0.000E+00  0.000E+00  0.000E+00
  16  3.875E+03  6.286E+04  6.286E+04  3.105E+02  8.055E-01  0.000E+00  0.000E+00  0.000E+00
  17  4.125E+03  6.091E+04  6.091E+04  3.113E+02  7.854E-01  0.000E+00  0.000E+00  0.000E+00
  18  4.375E+03  5.901E+04  5.901E+04  3.122E+02  7.657E-01  0.000E+00  0.000E+00  0.000E+00
  19  4.625E+03  5.715E+04  5.715E+04  3.131E+02  7.464E-01  0.000E+00  0.000E+00  0.000E+00
  20  4.875E+03  5.535E+04  5.535E+04  3.139E+02  7.274E-01  0.000E+00  0.000E+00  0.000E+00
  21  5.125E+03  5.358E+04  5.358E+04  3.148E+02  7.087E-01  0.000E+00  0.000E+00  0.000E+00
  22  5.375E+03  5.187E+04  5.187E+04  3.158E+02  6.904E-01  0.000E+00  0.000E+00  0.000E+00
  23  5.625E+03  5.020E+04  5.020E+04  3.167E+02  6.725E-01  0.000E+00  0.000E+00  0.000E+00
  24  5.875E+03  4.857E+04  4.857E+04  3.176E+02  6.549E-01  0.000E+00  0.000E+00  0.000E+00
  25  6.125E+03  4.698E+04  4.698E+04  3.186E+02  6.377E-01  0.000E+00  0.000E+00  0.000E+00
  26  6.375E+03  4.544E+04  4.544E+04  3.195E+02  6.208E-01  0.000E+00  0.000E+00  0.000E+00
  27  6.625E+03  4.394E+04  4.394E+04  3.205E+02  6.043E-01  0.000E+00  0.000E+00  0.000E+00
  28  6.875E+03  4.248E+04  4.248E+04  3.214E+02  5.881E-01  0.000E+00  0.000E+00  0.000E+00
  29  7.125E+03  4.105E+04  4.105E+04  3.224E+02  5.722E-01  0.000E+00  0.000E+00  0.000E+00
  30  7.375E+03  3.967E+04  3.967E+04  3.234E+02  5.566E-01  0.000E+00  0.000E+00  0.000E+00
  31  7.625E+03  3.832E+04  3.832E+04  3.244E+02  5.414E-01  0.000E+00  0.000E+00  0.000E+00
  32  7.875E+03  3.701E+04  3.701E+04  3.254E+02  5.265E-01  0.000E+00  0.000E+00  0.000E+00
  33  8.125E+03  3.574E+04  3.574E+04  3.264E+02  5.119E-01  0.000E+00  0.000E+00  0.000E+00
  34  8.375E+03  3.450E+04  3.450E+04  3.274E+02  4.976E-01  0.000E+00  0.000E+00  0.000E+00
  35  8.625E+03  3.330E+04  3.330E+04  3.285E+02  4.836E-01  0.000E+00  0.000E+00  0.000E+00
  36  8.875E+03  3.213E+04  3.213E+04  3.295E+02  4.700E-01  0.000E+00  0.000E+00  0.000E+00
  37  9.125E+03  3.099E+04  3.099E+04  3.305E+02  4.566E-01  0.000E+00  0.000E+00  0.000E+00
  38  9.375E+03  2.989E+04  2.989E+04  3.316E+02  4.435E-01  0.000E+00  0.000E+00  0.000E+00
  39  9.625E+03  2.882E+04  2.882E+04  3.326E+02  4.307E-01  0.000E+00  0.000E+00  0.000E+00
  40  9.875E+03  2.778E+04  2.778E+04  3.337E+02  4.182E-01  0.000E+00  0.000E+00  0.000E+00
  41  1.012E+04  2.677E+04  2.677E+04  3.348E+02  4.060E-01  0.000E+00  0.000E+00  0.000E+00
  42  1.038E+04  2.579E+04  2.579E+04  3.358E+02  3.940E-01  0.000E+00  0.000E+00  0.000E+00
  43  1.062E+04  2.483E+04  2.483E+04  3.369E+02  3.824E-01  0.000E+00  0.000E+00  0.000E+00
  44  1.088E+04  2.391E+04  2.391E+04  3.380E+02  3.709E-01  0.000E+00  0.000E+00  0.000E+00
  45  1.112E+04  2.301E+04  2.301E+04  3.391E+02  3.598E-01  0.000E+00  0.000E+00  0.000E+00
  46  1.138E+04  2.214E+04  2.214E+04  3.402E+02  3.489E-01  0.000E+00  0.000E+00  0.000E+00
  47  1.162E+04  2.130E+04  2.130E+04  3.413E+02  3.383E-01  0.000E+00  0.000E+00  0.000E+00
  48  1.188E+04  2.049E+04  2.049E+04  3.424E+02  3.279E-01  0.000E+00  0.000E+00  0.000E+00
  49  1.212E+04  1.970E+04  1.970E+04  3.450E+02  3.165E-01  0.000E+00  0.000E+00  0.000E+00
  50  1.238E+04  1.893E+04  1.893E+04  3.490E+02  3.042E-01  0.000E+00  0.000E+00  0.000E+00
  51  1.262E+04  1.820E+04  1.820E+04  3.530E+02  2.923E-01  0.000E+00  0.000E+00  0.000E+00
  52  1.288E+04  1.750E+04  1.750E+04  3.570E+02  2.810E-01  0.000E+00  0.000E+00  0.000E+00
  53  1.312E+04  1.682E+04  1.682E+04  3.612E+02  2.701E-01  0.000E+00  0.000E+00  0.000E+00
  54  1.338E+04  1.617E+04  1.617E+04  3.653E+02  2.596E-01  0.000E+00  0.000E+00  0.000E+00
  55  1.362E+04  1.555E+04  1.555E+04  3.695E+02  2.495E-01  0.000E+00  0.000E+00  0.000E+00
  56  1.388E+04  1.495E+04  1.495E+04  3.738E+02  2.398E-01  0.000E+00  0.000E+00  0.000E+00
  57  1.412E+04  1.437E+04  1.437E+04  3.781E+02  2.305E-01  0.000E+00  0.000E+00  0.000E+00
  58  1.438E+04  1.382E+04  1.382E+04  3.825E+02  2.216E-01  0.000E+00  0.000E+00  0.000E+00
  59  1.462E+04  1.329E+04  1.329E+04  3.869E+02  2.130E-01  0.000E+00  0.000E+00  0.000E+00
  60  1.488E+04  1.277E+04  1.277E+04  3.914E+02  2.047E-01  0.000E+00  0.000E+00  0.000E+00
  61  1.512E+04  1.228E+04  1.228E+04  3.959E+02  1.968E-01  0.000E+00  0.000E+00  0.000E+00
  62  1.538E+04  1.181E+04  1.181E+04  4.004E+02  1.892E-01  0.000E+00  0.000E+00  0.000E+00
  63  1.562E+04  1.135E+04  1.135E+04  4.051E+02  1.818E-01  0.000E+00  0.000E+00  0.000E+00
  64  1.588E+04  1.092E+04  1.092E+04  4.097E+02  1.748E-01  0.000E+00  0.000E+00  0.000E+00
  65  1.612E+04  1.050E+04  1.050E+04  4.144E+02  1.680E-01  0.000E+00  0.000E+00  0.000E+00
  66  1.638E+04  1.009E+04  1.009E+04  4.192E+02  1.615E-01  0.000E+00  0.000E+00  0.000E+00
  67  1.662E+04  9.703E+03  9.703E+03  4.241E+02  1.553E-01  0.000E+00  0.000E+00  0.000E+00
  68  1.688E+04  9.329E+03  9.329E+03  4.290E+02  1.492E-01  0.000E+00  0.000E+00  0.000E+00
  69  1.712E+04  8.970E+03  8.970E+03  4.339E+02  1.435E-01  0.000E+00  0.000E+00  0.000E+00
  70  1.738E+04  8.625E+03  8.625E+03  4.389E+02  1.379E-01  0.000E+00  0.000E+00  0.000E+00
  71  1.762E+04  8.294E+03  8.294E+03  4.440E+02  1.326E-01  0.000E+00  0.000E+00  0.000E+00
  72  1.788E+04  7.975E+03  7.975E+03  4.491E+02  1.274E-01  0.000E+00  0.000E+00  0.000E+00
  73  1.812E+04  7.668E+03  7.668E+03  4.543E+02  1.225E-01  0.000E+00  0.000E+00  0.000E+00
  74  1.838E+04  7.374E+03  7.374E+03  4.595E+02  1.178E-01  0.000E+00  0.000E+00  0.000E+00
  75  1.862E+04  7.091E+03  7.091E+03  4.648E+02  1.132E-01  0.000E+00  0.000E+00  0.000E+00
  76  1.888E+04  6.818E+03  6.818E+03  4.702E+02  1.088E-01  0.000E+00  0.000E+00  0.000E+00
  77  1.912E+04  6.556E+03  6.556E+03  4.756E+02  1.046E-01  0.000E+00  0.000E+00  0.000E+00
  78  1.938E+04  6.305E+03  6.305E+03  4.811E+02  1.006E-01  0.000E+00  0.000E+00  0.000E+00
  79  1.962E+04  6.063E+03  6.063E+03  4.866E+02  9.670E-02  0.000E+00  0.000E+00  0.000E+00
  80  1.988E+04  5.830E+03  5.830E+03  4.922E+02  9.296E-02  0.000E+00  0.000E+00  0.000E+00
  returned from reading sounding, nl_in is           80
  ptop is    5714.08301    
  base state grid%MUB(1,1), p_surf is    94264.3047       99978.3906    
  getting moist sounding for full state 
  input sounding surface parameters 
  surface pressure (mb)    1000.00000    
  surface pot. temp (K)    300.500000    
  surface mixing ratio (g/kg)    5.00000000    
   1  0.125E+03  0.300E+03  0.500E+01  0.000E+00  0.000E+00
   2  0.375E+03  0.301E+03  0.500E+01  0.000E+00  0.000E+00
   3  0.625E+03  0.301E+03  0.500E+01  0.000E+00  0.000E+00
   4  0.875E+03  0.302E+03  0.500E+01  0.000E+00  0.000E+00
   5  0.112E+04  0.302E+03  0.500E+01  0.000E+00  0.000E+00
   6  0.138E+04  0.303E+03  0.500E+01  0.000E+00  0.000E+00
   7  0.162E+04  0.304E+03  0.500E+01  0.000E+00  0.000E+00
   8  0.188E+04  0.304E+03  0.500E+01  0.000E+00  0.000E+00
   9  0.212E+04  0.305E+03  0.500E+01  0.000E+00  0.000E+00
  10  0.238E+04  0.306E+03  0.500E+01  0.000E+00  0.000E+00
  11  0.262E+04  0.306E+03  0.500E+01  0.000E+00  0.000E+00
  12  0.288E+04  0.307E+03  0.500E+01  0.000E+00  0.000E+00
  13  0.312E+04  0.308E+03  0.500E+01  0.000E+00  0.000E+00
  14  0.338E+04  0.309E+03  0.500E+01  0.000E+00  0.000E+00
  15  0.362E+04  0.310E+03  0.500E+01  0.000E+00  0.000E+00
  16  0.388E+04  0.310E+03  0.461E+01  0.000E+00  0.000E+00
  17  0.412E+04  0.311E+03  0.412E+01  0.000E+00  0.000E+00
  18  0.438E+04  0.312E+03  0.368E+01  0.000E+00  0.000E+00
  19  0.462E+04  0.313E+03  0.328E+01  0.000E+00  0.000E+00
  20  0.488E+04  0.314E+03  0.291E+01  0.000E+00  0.000E+00
  21  0.512E+04  0.315E+03  0.258E+01  0.000E+00  0.000E+00
  22  0.538E+04  0.316E+03  0.228E+01  0.000E+00  0.000E+00
  23  0.562E+04  0.317E+03  0.201E+01  0.000E+00  0.000E+00
  24  0.588E+04  0.318E+03  0.177E+01  0.000E+00  0.000E+00
  25  0.612E+04  0.319E+03  0.156E+01  0.000E+00  0.000E+00
  26  0.638E+04  0.320E+03  0.136E+01  0.000E+00  0.000E+00
  27  0.662E+04  0.320E+03  0.119E+01  0.000E+00  0.000E+00
  28  0.688E+04  0.321E+03  0.104E+01  0.000E+00  0.000E+00
  29  0.712E+04  0.322E+03  0.902E+00  0.000E+00  0.000E+00
  30  0.738E+04  0.323E+03  0.781E+00  0.000E+00  0.000E+00
  31  0.762E+04  0.324E+03  0.674E+00  0.000E+00  0.000E+00
  32  0.788E+04  0.325E+03  0.580E+00  0.000E+00  0.000E+00
  33  0.812E+04  0.326E+03  0.497E+00  0.000E+00  0.000E+00
  34  0.838E+04  0.327E+03  0.424E+00  0.000E+00  0.000E+00
  35  0.862E+04  0.328E+03  0.361E+00  0.000E+00  0.000E+00
  36  0.888E+04  0.329E+03  0.305E+00  0.000E+00  0.000E+00
  37  0.912E+04  0.331E+03  0.258E+00  0.000E+00  0.000E+00
  38  0.938E+04  0.332E+03  0.216E+00  0.000E+00  0.000E+00
  39  0.962E+04  0.333E+03  0.181E+00  0.000E+00  0.000E+00
  40  0.988E+04  0.334E+03  0.150E+00  0.000E+00  0.000E+00
  41  0.101E+05  0.335E+03  0.124E+00  0.000E+00  0.000E+00
  42  0.104E+05  0.336E+03  0.102E+00  0.000E+00  0.000E+00
  43  0.106E+05  0.337E+03  0.834E-01  0.000E+00  0.000E+00
  44  0.109E+05  0.338E+03  0.677E-01  0.000E+00  0.000E+00
  45  0.111E+05  0.339E+03  0.545E-01  0.000E+00  0.000E+00
  46  0.114E+05  0.340E+03  0.436E-01  0.000E+00  0.000E+00
  47  0.116E+05  0.341E+03  0.346E-01  0.000E+00  0.000E+00
  48  0.119E+05  0.342E+03  0.272E-01  0.000E+00  0.000E+00
  49  0.121E+05  0.345E+03  0.246E-01  0.000E+00  0.000E+00
  50  0.124E+05  0.349E+03  0.257E-01  0.000E+00  0.000E+00
  51  0.126E+05  0.353E+03  0.269E-01  0.000E+00  0.000E+00
  52  0.129E+05  0.357E+03  0.282E-01  0.000E+00  0.000E+00
  53  0.131E+05  0.361E+03  0.295E-01  0.000E+00  0.000E+00
  54  0.134E+05  0.365E+03  0.309E-01  0.000E+00  0.000E+00
  55  0.136E+05  0.370E+03  0.323E-01  0.000E+00  0.000E+00
  56  0.139E+05  0.374E+03  0.338E-01  0.000E+00  0.000E+00
  57  0.141E+05  0.378E+03  0.354E-01  0.000E+00  0.000E+00
  58  0.144E+05  0.382E+03  0.371E-01  0.000E+00  0.000E+00
  59  0.146E+05  0.387E+03  0.388E-01  0.000E+00  0.000E+00
  60  0.149E+05  0.391E+03  0.406E-01  0.000E+00  0.000E+00
  61  0.151E+05  0.396E+03  0.425E-01  0.000E+00  0.000E+00
  62  0.154E+05  0.400E+03  0.445E-01  0.000E+00  0.000E+00
  63  0.156E+05  0.405E+03  0.467E-01  0.000E+00  0.000E+00
  64  0.159E+05  0.410E+03  0.489E-01  0.000E+00  0.000E+00
  65  0.161E+05  0.414E+03  0.512E-01  0.000E+00  0.000E+00
  66  0.164E+05  0.419E+03  0.536E-01  0.000E+00  0.000E+00
  67  0.166E+05  0.424E+03  0.562E-01  0.000E+00  0.000E+00
  68  0.169E+05  0.429E+03  0.588E-01  0.000E+00  0.000E+00
  69  0.171E+05  0.434E+03  0.616E-01  0.000E+00  0.000E+00
  70  0.174E+05  0.439E+03  0.646E-01  0.000E+00  0.000E+00
  71  0.176E+05  0.444E+03  0.677E-01  0.000E+00  0.000E+00
  72  0.179E+05  0.449E+03  0.709E-01  0.000E+00  0.000E+00
  73  0.181E+05  0.454E+03  0.743E-01  0.000E+00  0.000E+00
  74  0.184E+05  0.460E+03  0.779E-01  0.000E+00  0.000E+00
  75  0.186E+05  0.465E+03  0.816E-01  0.000E+00  0.000E+00
  76  0.189E+05  0.470E+03  0.856E-01  0.000E+00  0.000E+00
  77  0.191E+05  0.476E+03  0.897E-01  0.000E+00  0.000E+00
  78  0.194E+05  0.481E+03  0.940E-01  0.000E+00  0.000E+00
  79  0.196E+05  0.487E+03  0.940E-01  0.000E+00  0.000E+00
  80  0.199E+05  0.492E+03  0.940E-01  0.000E+00  0.000E+00
  number of input levels =           80
  surface density is    1.15025747    
  surface pi is         1.00000000    
  sounding 
   k  height(m)  press (Pa) pd(Pa) theta (K) den(kg/m^3)  u(m/s)     v(m/s)    qv(g/g) 
   1  1.250E+02  9.859E+04  9.835E+04  3.005E+02  1.139E+00  0.000E+00  0.000E+00  5.000E-03
   2  3.750E+02  9.581E+04  9.559E+04  3.006E+02  1.115E+00  0.000E+00  0.000E+00  5.000E-03
   3  6.250E+02  9.309E+04  9.288E+04  3.011E+02  1.091E+00  0.000E+00  0.000E+00  5.000E-03
   4  8.750E+02  9.043E+04  9.024E+04  3.016E+02  1.067E+00  0.000E+00  0.000E+00  5.000E-03
   5  1.125E+03  8.783E+04  8.765E+04  3.022E+02  1.042E+00  0.000E+00  0.000E+00  5.000E-03
   6  1.375E+03  8.529E+04  8.512E+04  3.029E+02  1.019E+00  0.000E+00  0.000E+00  5.000E-03
   7  1.625E+03  8.281E+04  8.265E+04  3.035E+02  9.953E-01  0.000E+00  0.000E+00  5.000E-03
   8  1.875E+03  8.039E+04  8.024E+04  3.042E+02  9.721E-01  0.000E+00  0.000E+00  5.000E-03
   9  2.125E+03  7.802E+04  7.789E+04  3.049E+02  9.494E-01  0.000E+00  0.000E+00  5.000E-03
  10  2.375E+03  7.571E+04  7.558E+04  3.057E+02  9.269E-01  0.000E+00  0.000E+00  5.000E-03
  11  2.625E+03  7.345E+04  7.334E+04  3.064E+02  9.049E-01  0.000E+00  0.000E+00  5.000E-03
  12  2.875E+03  7.125E+04  7.115E+04  3.072E+02  8.832E-01  0.000E+00  0.000E+00  5.000E-03
  13  3.125E+03  6.910E+04  6.901E+04  3.080E+02  8.618E-01  0.000E+00  0.000E+00  5.000E-03
  14  3.375E+03  6.700E+04  6.692E+04  3.088E+02  8.408E-01  0.000E+00  0.000E+00  5.000E-03
  15  3.625E+03  6.495E+04  6.488E+04  3.096E+02  8.202E-01  0.000E+00  0.000E+00  5.000E-03
  16  3.875E+03  6.295E+04  6.289E+04  3.105E+02  8.005E-01  0.000E+00  0.000E+00  4.615E-03
  17  4.125E+03  6.101E+04  6.095E+04  3.113E+02  7.812E-01  0.000E+00  0.000E+00  4.124E-03
  18  4.375E+03  5.911E+04  5.906E+04  3.122E+02  7.621E-01  0.000E+00  0.000E+00  3.679E-03
  19  4.625E+03  5.725E+04  5.722E+04  3.131E+02  7.434E-01  0.000E+00  0.000E+00  3.275E-03
  20  4.875E+03  5.545E+04  5.542E+04  3.139E+02  7.249E-01  0.000E+00  0.000E+00  2.910E-03
  21  5.125E+03  5.369E+04  5.366E+04  3.148E+02  7.068E-01  0.000E+00  0.000E+00  2.580E-03
  22  5.375E+03  5.197E+04  5.195E+04  3.158E+02  6.889E-01  0.000E+00  0.000E+00  2.282E-03
  23  5.625E+03  5.030E+04  5.028E+04  3.167E+02  6.713E-01  0.000E+00  0.000E+00  2.015E-03
  24  5.875E+03  4.867E+04  4.865E+04  3.176E+02  6.541E-01  0.000E+00  0.000E+00  1.774E-03
  25  6.125E+03  4.709E+04  4.707E+04  3.186E+02  6.371E-01  0.000E+00  0.000E+00  1.558E-03
  26  6.375E+03  4.554E+04  4.553E+04  3.195E+02  6.204E-01  0.000E+00  0.000E+00  1.365E-03
  27  6.625E+03  4.404E+04  4.403E+04  3.205E+02  6.041E-01  0.000E+00  0.000E+00  1.192E-03
  28  6.875E+03  4.257E+04  4.257E+04  3.214E+02  5.880E-01  0.000E+00  0.000E+00  1.039E-03
  29  7.125E+03  4.115E+04  4.114E+04  3.224E+02  5.723E-01  0.000E+00  0.000E+00  9.019E-04
  30  7.375E+03  3.976E+04  3.976E+04  3.234E+02  5.569E-01  0.000E+00  0.000E+00  7.809E-04
  31  7.625E+03  3.842E+04  3.841E+04  3.244E+02  5.418E-01  0.000E+00  0.000E+00  6.739E-04
  32  7.875E+03  3.711E+04  3.710E+04  3.254E+02  5.269E-01  0.000E+00  0.000E+00  5.796E-04
  33  8.125E+03  3.583E+04  3.583E+04  3.264E+02  5.124E-01  0.000E+00  0.000E+00  4.967E-04
  34  8.375E+03  3.459E+04  3.459E+04  3.274E+02  4.982E-01  0.000E+00  0.000E+00  4.241E-04
  35  8.625E+03  3.338E+04  3.338E+04  3.285E+02  4.842E-01  0.000E+00  0.000E+00  3.606E-04
  36  8.875E+03  3.221E+04  3.221E+04  3.295E+02  4.706E-01  0.000E+00  0.000E+00  3.054E-04
  37  9.125E+03  3.108E+04  3.107E+04  3.305E+02  4.573E-01  0.000E+00  0.000E+00  2.576E-04
  38  9.375E+03  2.997E+04  2.997E+04  3.316E+02  4.442E-01  0.000E+00  0.000E+00  2.162E-04
  39  9.625E+03  2.890E+04  2.889E+04  3.326E+02  4.314E-01  0.000E+00  0.000E+00  1.806E-04
  40  9.875E+03  2.785E+04  2.785E+04  3.337E+02  4.189E-01  0.000E+00  0.000E+00  1.502E-04
  41  1.012E+04  2.684E+04  2.684E+04  3.348E+02  4.067E-01  0.000E+00  0.000E+00  1.241E-04
  42  1.038E+04  2.586E+04  2.586E+04  3.358E+02  3.948E-01  0.000E+00  0.000E+00  1.020E-04
  43  1.062E+04  2.490E+04  2.490E+04  3.369E+02  3.831E-01  0.000E+00  0.000E+00  8.336E-05
  44  1.088E+04  2.398E+04  2.398E+04  3.380E+02  3.717E-01  0.000E+00  0.000E+00  6.766E-05
  45  1.112E+04  2.308E+04  2.308E+04  3.391E+02  3.605E-01  0.000E+00  0.000E+00  5.453E-05
  46  1.138E+04  2.221E+04  2.221E+04  3.402E+02  3.496E-01  0.000E+00  0.000E+00  4.361E-05
  47  1.162E+04  2.137E+04  2.136E+04  3.413E+02  3.390E-01  0.000E+00  0.000E+00  3.459E-05
  48  1.188E+04  2.055E+04  2.055E+04  3.424E+02  3.286E-01  0.000E+00  0.000E+00  2.719E-05
  49  1.212E+04  1.975E+04  1.975E+04  3.450E+02  3.171E-01  0.000E+00  0.000E+00  2.457E-05
  50  1.238E+04  1.899E+04  1.899E+04  3.490E+02  3.048E-01  0.000E+00  0.000E+00  2.572E-05
  51  1.262E+04  1.826E+04  1.826E+04  3.530E+02  2.930E-01  0.000E+00  0.000E+00  2.691E-05
  52  1.288E+04  1.755E+04  1.755E+04  3.570E+02  2.816E-01  0.000E+00  0.000E+00  2.816E-05
  53  1.312E+04  1.688E+04  1.688E+04  3.612E+02  2.707E-01  0.000E+00  0.000E+00  2.948E-05
  54  1.338E+04  1.623E+04  1.623E+04  3.653E+02  2.602E-01  0.000E+00  0.000E+00  3.085E-05
  55  1.362E+04  1.560E+04  1.560E+04  3.695E+02  2.501E-01  0.000E+00  0.000E+00  3.230E-05
  56  1.388E+04  1.500E+04  1.500E+04  3.738E+02  2.404E-01  0.000E+00  0.000E+00  3.381E-05
  57  1.412E+04  1.442E+04  1.442E+04  3.781E+02  2.311E-01  0.000E+00  0.000E+00  3.539E-05
  58  1.438E+04  1.387E+04  1.386E+04  3.825E+02  2.221E-01  0.000E+00  0.000E+00  3.705E-05
  59  1.462E+04  1.333E+04  1.333E+04  3.869E+02  2.135E-01  0.000E+00  0.000E+00  3.880E-05
  60  1.488E+04  1.282E+04  1.282E+04  3.914E+02  2.052E-01  0.000E+00  0.000E+00  4.062E-05
  61  1.512E+04  1.232E+04  1.232E+04  3.959E+02  1.973E-01  0.000E+00  0.000E+00  4.254E-05
  62  1.538E+04  1.185E+04  1.185E+04  4.004E+02  1.896E-01  0.000E+00  0.000E+00  4.454E-05
  63  1.562E+04  1.139E+04  1.139E+04  4.051E+02  1.823E-01  0.000E+00  0.000E+00  4.665E-05
  64  1.588E+04  1.095E+04  1.095E+04  4.097E+02  1.752E-01  0.000E+00  0.000E+00  4.886E-05
  65  1.612E+04  1.053E+04  1.053E+04  4.144E+02  1.684E-01  0.000E+00  0.000E+00  5.118E-05
  66  1.638E+04  1.013E+04  1.013E+04  4.192E+02  1.619E-01  0.000E+00  0.000E+00  5.361E-05
  67  1.662E+04  9.739E+03  9.739E+03  4.241E+02  1.557E-01  0.000E+00  0.000E+00  5.616E-05
  68  1.688E+04  9.364E+03  9.364E+03  4.290E+02  1.496E-01  0.000E+00  0.000E+00  5.883E-05
  69  1.712E+04  9.005E+03  9.004E+03  4.339E+02  1.438E-01  0.000E+00  0.000E+00  6.164E-05
  70  1.738E+04  8.659E+03  8.658E+03  4.389E+02  1.383E-01  0.000E+00  0.000E+00  6.458E-05
  71  1.762E+04  8.326E+03  8.326E+03  4.440E+02  1.329E-01  0.000E+00  0.000E+00  6.767E-05
  72  1.788E+04  8.006E+03  8.006E+03  4.491E+02  1.278E-01  0.000E+00  0.000E+00  7.092E-05
  73  1.812E+04  7.699E+03  7.699E+03  4.543E+02  1.228E-01  0.000E+00  0.000E+00  7.432E-05
  74  1.838E+04  7.404E+03  7.403E+03  4.595E+02  1.181E-01  0.000E+00  0.000E+00  7.790E-05
  75  1.862E+04  7.119E+03  7.119E+03  4.648E+02  1.135E-01  0.000E+00  0.000E+00  8.165E-05
  76  1.888E+04  6.846E+03  6.846E+03  4.702E+02  1.091E-01  0.000E+00  0.000E+00  8.559E-05
  77  1.912E+04  6.584E+03  6.584E+03  4.756E+02  1.049E-01  0.000E+00  0.000E+00  8.972E-05
  78  1.938E+04  6.332E+03  6.331E+03  4.811E+02  1.009E-01  0.000E+00  0.000E+00  9.400E-05
  79  1.962E+04  6.089E+03  6.089E+03  4.866E+02  9.698E-02  0.000E+00  0.000E+00  9.400E-05
  80  1.988E+04  5.856E+03  5.856E+03  4.922E+02  9.323E-02  0.000E+00  0.000E+00  9.400E-05
  grid%ph_1 k=1 calc    0.00000000       94020.0078      -244.296875      0.864535749      -142.856552    
  grid%ph_1 k=2 calc    3.10101151       94020.0078      -244.296875      0.869589686    
  grid%mu_1 from comp   -244.296875    
  full state sounding from comp, ph, grid%p, grid%al, grid%t_1, qv 
  1   0.000E+00  9.965E+04  8.715E-01  3.005E+02  5.000E-03
  2   5.736E+02  9.884E+04  8.766E-01  3.005E+02  5.000E-03
  3   1.398E+03  9.776E+04  8.836E-01  3.005E+02  5.000E-03
  4   2.478E+03  9.639E+04  8.927E-01  3.006E+02  5.000E-03
  5   3.821E+03  9.469E+04  9.048E-01  3.008E+02  5.000E-03
  6   5.522E+03  9.256E+04  9.208E-01  3.012E+02  5.000E-03
  7   7.686E+03  9.001E+04  9.411E-01  3.017E+02  5.000E-03
  8   1.025E+04  8.699E+04  9.666E-01  3.024E+02  5.000E-03
  9   1.343E+04  8.354E+04  9.979E-01  3.033E+02  5.000E-03
 10   1.700E+04  7.976E+04  1.035E+00  3.044E+02  5.000E-03
 11   2.109E+04  7.560E+04  1.080E+00  3.057E+02  5.000E-03
 12   2.576E+04  7.121E+04  1.133E+00  3.072E+02  5.000E-03
 13   3.076E+04  6.662E+04  1.195E+00  3.090E+02  5.000E-03
 14   3.638E+04  6.185E+04  1.267E+00  3.109E+02  4.337E-03
 15   4.245E+04  5.704E+04  1.349E+00  3.132E+02  3.232E-03
 16   4.892E+04  5.218E+04  1.447E+00  3.156E+02  2.319E-03
 17   5.600E+04  4.747E+04  1.559E+00  3.183E+02  1.611E-03
 18   6.303E+04  4.314E+04  1.683E+00  3.211E+02  1.098E-03
 19   6.999E+04  3.914E+04  1.818E+00  3.239E+02  7.316E-04
 20   7.700E+04  3.547E+04  1.967E+00  3.267E+02  4.759E-04
 21   8.385E+04  3.209E+04  2.132E+00  3.296E+02  3.002E-04
 22   9.086E+04  2.894E+04  2.315E+00  3.326E+02  1.821E-04
 23   9.783E+04  2.607E+04  2.517E+00  3.356E+02  1.068E-04
 24   1.047E+05  2.344E+04  2.740E+00  3.387E+02  5.976E-05
 25   1.116E+05  2.099E+04  2.992E+00  3.418E+02  3.123E-05
 26   1.187E+05  1.874E+04  3.326E+00  3.504E+02  2.613E-05
 27   1.259E+05  1.667E+04  3.741E+00  3.625E+02  2.992E-05
 28   1.333E+05  1.483E+04  4.207E+00  3.750E+02  3.426E-05
 29   1.404E+05  1.314E+04  4.752E+00  3.885E+02  3.947E-05
 30   1.484E+05  1.159E+04  5.392E+00  4.031E+02  4.574E-05
 31   1.560E+05  1.018E+04  6.144E+00  4.186E+02  5.329E-05
 32   1.647E+05  8.817E+03  7.102E+00  4.366E+02  6.324E-05
 33   1.740E+05  7.548E+03  8.306E+00  4.570E+02  7.615E-05
 34   1.842E+05  6.325E+03  9.924E+00  4.812E+02  9.400E-05
  pert state sounding from comp, grid%ph_1, pp, alp, grid%t_1, qv 
  1   0.000E+00 -8.956E-01  6.958E-03  4.753E-01  5.000E-03
  2   3.101E+00 -2.815E+00  7.011E-03  4.940E-01  5.000E-03
  3   7.569E+00 -5.412E+00  7.085E-03  5.195E-01  5.000E-03
  4   1.344E+01 -8.686E+00  7.180E-03  5.515E-01  5.000E-03
  5   2.078E+01 -1.275E+01  7.320E-03  7.739E-01  5.000E-03
  6   3.016E+01 -1.783E+01  7.497E-03  1.182E+00  5.000E-03
  7   4.221E+01 -2.393E+01  7.722E-03  1.727E+00  5.000E-03
  8   5.665E+01 -3.115E+01  8.011E-03  2.443E+00  5.000E-03
  9   7.481E+01 -3.940E+01  8.369E-03  3.338E+00  5.000E-03
 10   9.553E+01 -4.843E+01  8.809E-03  4.415E+00  5.000E-03
 11   1.198E+02 -5.836E+01  9.352E-03  5.713E+00  5.000E-03
 12   1.482E+02 -6.886E+01  1.000E-02  7.223E+00  5.000E-03
 13   1.795E+02 -7.981E+01  1.080E-02  8.958E+00  5.000E-03
 14   2.158E+02 -8.964E+01  1.040E-02  1.095E+01  4.337E-03
 15   2.500E+02 -9.533E+01  8.990E-03  1.316E+01  3.232E-03
 16   2.765E+02 -9.619E+01  7.755E-03  1.564E+01  2.319E-03
 17   2.961E+02 -9.321E+01  6.772E-03  1.832E+01  1.611E-03
 18   3.084E+02 -8.783E+01  6.050E-03  2.106E+01  1.098E-03
 19   3.154E+02 -8.111E+01  5.544E-03  2.386E+01  7.316E-04
 20   3.187E+02 -7.379E+01  5.224E-03  2.670E+01  4.759E-04
 21   3.191E+02 -6.631E+01  5.048E-03  2.961E+01  3.002E-04
 22   3.175E+02 -5.889E+01  4.971E-03  3.260E+01  1.821E-04
 23   3.144E+02 -5.185E+01  5.022E-03  3.562E+01  1.068E-04
 24   3.103E+02 -4.523E+01  5.145E-03  3.868E+01  5.976E-05
 25   3.053E+02 -3.899E+01  5.318E-03  4.183E+01  3.123E-05
 26   2.996E+02 -3.319E+01  9.067E-03  5.035E+01  2.613E-05
 27   3.006E+02 -2.787E+01  9.976E-03  6.250E+01  2.992E-05
 28   3.011E+02 -2.317E+01  1.093E-02  7.503E+01  3.426E-05
 29   3.012E+02 -1.883E+01  1.191E-02  8.853E+01  3.947E-05
 30   3.005E+02 -1.487E+01  1.289E-02  1.031E+02  4.574E-05
 31   2.990E+02 -1.127E+01  1.380E-02  1.186E+02  5.329E-05
 32   2.960E+02 -7.812E+00  1.499E-02  1.366E+02  6.324E-05
 33   2.915E+02 -4.602E+00  1.587E-02  1.570E+02  7.615E-05
 34   2.845E+02 -1.530E+00  1.603E-02  1.812E+02  9.400E-05
  wrf: SUCCESS COMPLETE IDEAL INIT
  Domain # 1: dx =  2000.000 m
WRF V4.5.2 MODEL
git commit 6dba6381e7b690fd109551de406bdfb502c9ac76 1 file changed, 2 insertions(+), 595 deletions(-)
DYNAMICS OPTION: Eulerian Mass Coordinate
   alloc_space_field: domain            1 ,            1011677700  bytes allocated
  med_initialdata_input: calling input_input
   Input data is acceptable to use: wrfinput_d01
 CURRENT DATE          = 2007-06-01_05:00:00
 SIMULATION START DATE = 2007-06-01_05:00:00
Timing for processing wrfinput file (stream 0) for domain        1:    0.54616 elapsed seconds
Max map factor in domain 1 =  1.00. Scale the dt in the model accordingly.
INPUT LandUse = "USGS"
 LANDUSE TYPE = "USGS" FOUND          61  CATEGORIES           2  SEASONS WATER CATEGORY =           16  SNOW CATEGORY =            0
Timing for Writing wrfout_d01_2007-06-01_05:00:00 for domain        1:    0.87513 elapsed seconds
WRF TILE   1 IS      1 IE    202 JS      1 JE    202
WRF NUMBER OF TILES =   1
d01 2007-06-01_05:00:00  ----------------------------------------
d01 2007-06-01_05:00:00  W-DAMPING  BEGINS AT W-COURANT NUMBER =    1.00000000
d01 2007-06-01_05:00:00  ----------------------------------------
 microphysics_driver: GLOBAL w max/min =    3.58638965E-04  -1.52466516E-03
Timing for main: time 2007-06-01_05:00:15 on domain   1:   32.71556 elapsed seconds
 microphysics_driver: GLOBAL w max/min =    1.70799452E-04  -1.65740133E-03
Timing for main: time 2007-06-01_05:00:30 on domain   1:   18.74569 elapsed seconds
 microphysics_driver: GLOBAL w max/min =    0.00000000      -2.39038724E-03
Timing for main: time 2007-06-01_05:00:45 on domain   1:   18.91557 elapsed seconds
 microphysics_driver: GLOBAL w max/min =    0.00000000      -3.41653777E-03
Timing for main: time 2007-06-01_05:01:00 on domain   1:   18.85828 elapsed seconds
 microphysics_driver: GLOBAL w max/min =    0.00000000      -4.80582099E-03
Timing for main: time 2007-06-01_05:01:15 on domain   1:   18.83401 elapsed seconds
 microphysics_driver: GLOBAL w max/min =    0.00000000      -4.47429297E-03
Timing for main: time 2007-06-01_05:01:30 on domain   1:   18.83162 elapsed seconds
 microphysics_driver: GLOBAL w max/min =    0.00000000      -3.70939239E-03
Timing for main: time 2007-06-01_05:01:45 on domain   1:   18.94056 elapsed seconds
 microphysics_driver: GLOBAL w max/min =    0.00000000      -2.59487843E-03
Timing for main: time 2007-06-01_05:02:00 on domain   1:   18.93056 elapsed seconds
 microphysics_driver: GLOBAL w max/min =    0.00000000      -2.17714929E-03
Timing for main: time 2007-06-01_05:02:15 on domain   1:   18.89376 elapsed seconds
 microphysics_driver: GLOBAL w max/min =    1.13978764E-04  -1.21784571E-03
Timing for main: time 2007-06-01_05:02:30 on domain   1:   18.93906 elapsed seconds
 microphysics_driver: GLOBAL w max/min =    3.06124915E-04  -1.10099546E-03
Timing for main: time 2007-06-01_05:02:45 on domain   1:   18.88178 elapsed seconds
 microphysics_driver: GLOBAL w max/min =    2.30313453E-04  -1.16117741E-03
Timing for main: time 2007-06-01_05:03:00 on domain   1:   18.90085 elapsed seconds
 microphysics_driver: GLOBAL w max/min =    1.47373445E-04  -1.52822421E-03
Timing for main: time 2007-06-01_05:03:15 on domain   1:   18.91068 elapsed seconds
slurmstepd: error: *** STEP 24743280.1 ON nid004259 CANCELLED AT 2024-04-25T00:42:56 DUE TO TIME LIMIT ***
slurmstepd: error: *** JOB 24743280 ON nid004259 CANCELLED AT 2024-04-25T00:42:56 DUE TO TIME LIMIT ***
